  [1m[35m (98.9ms)[0m  [1m[35mCREATE TABLE "schema_migrations" ("version" varchar NOT NULL PRIMARY KEY)[0m
  [1m[35m (105.4ms)[0m  [1m[35mCREATE TABLE "ar_internal_metadata" ("key" varchar NOT NULL PRIMARY KEY, "value" varchar, "created_at" datetime NOT NULL, "updated_at" datetime NOT NULL)[0m
  [1m[36mActiveRecord::SchemaMigration Load (0.1ms)[0m  [1m[34mSELECT "schema_migrations".* FROM "schema_migrations"[0m
Migrating to CreatePortalSources (20170610095419)
  [1m[35m (0.1ms)[0m  [1m[36mbegin transaction[0m
  [1m[35m (1.0ms)[0m  [1m[35mCREATE TABLE "portal_sources" ("id" INTEGER PRIMARY KEY AUTOINCREMENT NOT NULL, "name" varchar, "size" integer DEFAULT 50, "created_at" datetime NOT NULL, "updated_at" datetime NOT NULL)[0m
  [1m[35mSQL (0.2ms)[0m  [1m[32mINSERT INTO "schema_migrations" ("version") VALUES (?)[0m  [["version", "20170610095419"]]
  [1m[35m (93.5ms)[0m  [1m[36mcommit transaction[0m
  [1m[36mActiveRecord::InternalMetadata Load (0.2ms)[0m  [1m[34mSELECT  "ar_internal_metadata".* FROM "ar_internal_metadata" WHERE "ar_internal_metadata"."key" = ? LIMIT ?[0m  [["key", "environment"], ["LIMIT", 1]]
  [1m[35m (0.1ms)[0m  [1m[36mbegin transaction[0m
  [1m[35mSQL (1.6ms)[0m  [1m[32mINSERT INTO "ar_internal_metadata" ("key", "value", "created_at", "updated_at") VALUES (?, ?, ?, ?)[0m  [["key", "environment"], ["value", "development"], ["created_at", "2017-06-10 09:55:32.835056"], ["updated_at", "2017-06-10 09:55:32.835056"]]
  [1m[35m (58.5ms)[0m  [1m[36mcommit transaction[0m
  [1m[36mActiveRecord::SchemaMigration Load (0.2ms)[0m  [1m[34mSELECT "schema_migrations".* FROM "schema_migrations"[0m
  [1m[36mActiveRecord::SchemaMigration Load (0.1ms)[0m  [1m[34mSELECT "schema_migrations".* FROM "schema_migrations"[0m
Migrating to CreateArticles (20170610100921)
  [1m[35m (0.1ms)[0m  [1m[36mbegin transaction[0m
  [1m[35m (1.3ms)[0m  [1m[35mCREATE TABLE "articles" ("id" INTEGER PRIMARY KEY AUTOINCREMENT NOT NULL, "headline" varchar, "textonly" text, "datepublished" date, "textorig" text, "created_at" datetime NOT NULL, "updated_at" datetime NOT NULL)[0m
  [1m[35mSQL (0.3ms)[0m  [1m[32mINSERT INTO "schema_migrations" ("version") VALUES (?)[0m  [["version", "20170610100921"]]
  [1m[35m (113.4ms)[0m  [1m[36mcommit transaction[0m
  [1m[36mActiveRecord::InternalMetadata Load (0.3ms)[0m  [1m[34mSELECT  "ar_internal_metadata".* FROM "ar_internal_metadata" WHERE "ar_internal_metadata"."key" = ? LIMIT ?[0m  [["key", "environment"], ["LIMIT", 1]]
  [1m[35m (0.1ms)[0m  [1m[36mbegin transaction[0m
  [1m[35m (0.0ms)[0m  [1m[36mcommit transaction[0m
  [1m[36mActiveRecord::SchemaMigration Load (0.2ms)[0m  [1m[34mSELECT "schema_migrations".* FROM "schema_migrations"[0m
  [1m[36mActiveRecord::SchemaMigration Load (0.1ms)[0m  [1m[34mSELECT "schema_migrations".* FROM "schema_migrations"[0m
  [1m[36mActiveRecord::SchemaMigration Load (0.1ms)[0m  [1m[34mSELECT "schema_migrations".* FROM "schema_migrations"[0m
  [1m[35m (0.1ms)[0m  [1m[36mbegin transaction[0m
  [1m[35mSQL (0.3ms)[0m  [1m[32mINSERT INTO "portal_sources" ("name", "size", "created_at", "updated_at") VALUES (?, ?, ?, ?)[0m  [["name", "kloop.kg"], ["size", 25], ["created_at", "2017-06-10 10:12:51.936437"], ["updated_at", "2017-06-10 10:12:51.936437"]]
  [1m[35m (62.2ms)[0m  [1m[36mcommit transaction[0m
  [1m[35m (0.1ms)[0m  [1m[36mbegin transaction[0m
  [1m[35mSQL (0.4ms)[0m  [1m[32mINSERT INTO "portal_sources" ("name", "size", "created_at", "updated_at") VALUES (?, ?, ?, ?)[0m  [["name", "vb.kg"], ["size", 25], ["created_at", "2017-06-10 10:12:52.002537"], ["updated_at", "2017-06-10 10:12:52.002537"]]
  [1m[35m (76.3ms)[0m  [1m[36mcommit transaction[0m
  [1m[35m (0.1ms)[0m  [1m[36mbegin transaction[0m
  [1m[35mSQL (0.3ms)[0m  [1m[32mINSERT INTO "portal_sources" ("name", "size", "created_at", "updated_at") VALUES (?, ?, ?, ?)[0m  [["name", "knews.kg"], ["size", 25], ["created_at", "2017-06-10 10:12:52.083193"], ["updated_at", "2017-06-10 10:12:52.083193"]]
  [1m[35m (49.1ms)[0m  [1m[36mcommit transaction[0m
Started GET "/" for 127.0.0.1 at 2017-06-10 06:14:31 -0400
  [1m[36mActiveRecord::SchemaMigration Load (0.1ms)[0m  [1m[34mSELECT "schema_migrations".* FROM "schema_migrations"[0m
Processing by Rails::WelcomeController#index as HTML
  Parameters: {"internal"=>true}
  Rendering /var/lib/gems/2.3.0/gems/railties-5.0.3/lib/rails/templates/rails/welcome/index.html.erb
  Rendered /var/lib/gems/2.3.0/gems/railties-5.0.3/lib/rails/templates/rails/welcome/index.html.erb (3.3ms)
Completed 200 OK in 105ms (Views: 18.3ms | ActiveRecord: 0.0ms)


Started GET "/rails/info" for 127.0.0.1 at 2017-06-10 06:14:44 -0400
Processing by Rails::InfoController#index as HTML
  Parameters: {"internal"=>true}
Redirected to http://localhost:3000/rails/info/routes
Completed 302 Found in 16ms (ActiveRecord: 0.0ms)


Started GET "/rails/info/routes" for 127.0.0.1 at 2017-06-10 06:14:44 -0400
Processing by Rails::InfoController#routes as HTML
  Parameters: {"internal"=>true}
  Rendering /var/lib/gems/2.3.0/gems/railties-5.0.3/lib/rails/templates/rails/info/routes.html.erb within layouts/application
  Rendered collection of /var/lib/gems/2.3.0/gems/actionpack-5.0.3/lib/action_dispatch/middleware/templates/routes/_route.html.erb [16 times] (131.7ms)
  Rendered /var/lib/gems/2.3.0/gems/actionpack-5.0.3/lib/action_dispatch/middleware/templates/routes/_table.html.erb (65.3ms)
  Rendered /var/lib/gems/2.3.0/gems/railties-5.0.3/lib/rails/templates/rails/info/routes.html.erb within layouts/application (315.7ms)
Completed 200 OK in 331ms (Views: 328.0ms | ActiveRecord: 0.0ms)


Started GET "/" for 127.0.0.1 at 2017-06-10 06:15:05 -0400
Processing by PortalSourcesController#index as HTML
  Rendering portal_sources/index.html.erb within layouts/application
  [1m[36mPortalSource Load (0.4ms)[0m  [1m[34mSELECT "portal_sources".* FROM "portal_sources"[0m
  Rendered portal_sources/index.html.erb within layouts/application (7.9ms)
Completed 200 OK in 1612ms (Views: 1608.5ms | ActiveRecord: 1.0ms)


